#
# A fatal error has been detected by the Java Runtime Environment:
#
#  EXCEPTION_ACCESS_VIOLATION (0xc0000005) at pc=0x750239e8, pid=4384, tid=7744
#
# JRE version: Java(TM) SE Runtime Environment (8.0_66-b17) (build 1.8.0_66-b17)
# Java VM: Java HotSpot(TM) Client VM (25.66-b17 mixed mode windows-x86 )
# Problematic frame:
# C  [KERNELBASE.dll+0xa39e8]
#
# Failed to write core dump. Minidumps are not enabled by default on client versions of Windows
#
# If you would like to submit a bug report, please visit:
#   http://bugreport.java.com/bugreport/crash.jsp
# The crash happened outside the Java Virtual Machine in native code.
# See problematic frame for where to report the bug.
#

---------------  T H R E A D  ---------------

Current thread (0x255f1800):  JavaThread "cc.arduino.packages.discoverers.network.NetworkChecker" [_thread_in_native, id=7744, stack(0x26e30000,0x26e80000)]

siginfo: ExceptionCode=0xc0000005, writing address 0x00000098

Registers:
EAX=0x00000000, EBX=0x00000094, ECX=0x8742762a, EDX=0x00000000
ESP=0x26e7ebd8, EBP=0x26e7ec28, ESI=0x00000000, EDI=0x00000000
EIP=0x750239e8, EFLAGS=0x00010216

Top of Stack: (sp=0x26e7ebd8)
0x26e7ebd8:   a1a59a02 26e7ef30 00000000 28b66db8
0x26e7ebe8:   26e7ec00 007c007c 70f01168 00000000
0x26e7ebf8:   26e7ec58 7350ba82 00000000 00679de8
0x26e7ec08:   00000000 26e7ef30 26e7ebd8 26e7e508
0x26e7ec18:   26e7f5dc 75062250 f24e276a fffffffe
0x26e7ec28:   26e7ec4c 7502380c 00000094 70f01168
0x26e7ec38:   00000000 00020019 26e7ec80 00000000
0x26e7ec48:   555288ff 26e7ef10 70f0331b 80000002 

Instructions: (pc=0x750239e8)
0x750239c8:   75 e0 85 f6 75 8e 8b 5d dc 8b 45 18 89 38 33 f6
0x750239d8:   89 75 e0 eb 82 68 fc 87 0d 75 ff 15 2c a0 0d 75
0x750239e8:   83 43 04 ff 75 18 8b 53 08 8b 4a 04 3b d9 0f 85
0x750239f8:   28 35 04 00 8b 03 3b 02 0f 85 1e 35 04 00 68 fc 


Register to memory mapping:

EAX=0x00000000 is an unknown value
EBX=0x00000094 is an unknown value
ECX=0x8742762a is an unknown value
EDX=0x00000000 is an unknown value
ESP=0x26e7ebd8 is pointing into the stack for thread: 0x255f1800
EBP=0x26e7ec28 is pointing into the stack for thread: 0x255f1800
ESI=0x00000000 is an unknown value
EDI=0x00000000 is an unknown value


Stack: [0x26e30000,0x26e80000],  sp=0x26e7ebd8,  free space=314k
Native frames: (J=compiled Java code, j=interpreted, Vv=VM code, C=native code)
C  [KERNELBASE.dll+0xa39e8]
C  [KERNELBASE.dll+0xa380c]
C  [dhcpcsvc.DLL+0x331b]
C  [IPHLPAPI.DLL+0x9e43]
C  [IPHLPAPI.DLL+0x7c1c]
C  [IPHLPAPI.DLL+0x1f6cb]
C  [net.dll+0x3d83]
C  [net.dll+0x5436]
V  [jvm.dll+0x15fbf8]
C  0x0f4acab0
C  0x27a7a018

Java frames: (J=compiled Java code, j=interpreted, Vv=VM code)
J 2380  java.net.NetworkInterface.getAll()[Ljava/net/NetworkInterface; (0 bytes) @ 0x027cecd9 [0x027ceca0+0x39]
J 2353 C1 cc.arduino.packages.discoverers.network.NetworkChecker.run()V (143 bytes) @ 0x027c6db4 [0x027c6d90+0x24]
j  java.util.TimerThread.mainLoop()V+221
j  java.util.TimerThread.run()V+1
v  ~StubRoutines::call_stub

---------------  P R O C E S S  ---------------

Java Threads: ( => current thread )
  0x27b3e400 JavaThread "JmDNS(zohan.local.).Timer" daemon [_thread_blocked, id=10412, stack(0x25da0000,0x25df0000)]
  0x27b44800 JavaThread "JmDNS(zohan.local.).State.Timer" [_thread_blocked, id=10404, stack(0x25d10000,0x25d60000)]
  0x27b3e000 JavaThread "JmDNS(zohan.local.).Timer" daemon [_thread_blocked, id=10416, stack(0x25c80000,0x25cd0000)]
  0x27b41800 JavaThread "SocketListener(zohan.local.)" daemon [_thread_in_native, id=10388, stack(0x25bf0000,0x25c40000)]
  0x27b3fc00 JavaThread "JmDNS(zohan.local.).Timer" daemon [_thread_blocked, id=10396, stack(0x02240000,0x02290000)]
  0x27b44400 JavaThread "JmDNS(zohan.local.).State.Timer" [_thread_blocked, id=10420, stack(0x007b0000,0x00800000)]
  0x27b40400 JavaThread "JmDNS(zohan.local.).Timer" daemon [_thread_blocked, id=10408, stack(0x003b0000,0x00400000)]
  0x27b3f000 JavaThread "SocketListener(zohan.local.)" daemon [_thread_in_native, id=10492, stack(0x00320000,0x00370000)]
  0x27b43c00 JavaThread "DestroyJavaVM" [_thread_blocked, id=3240, stack(0x01fb0000,0x02000000)]
  0x27b3ec00 JavaThread "TimerQueue" daemon [_thread_blocked, id=1496, stack(0x28c50000,0x28ca0000)]
  0x25787c00 JavaThread "Batik CleanerThread" daemon [_thread_blocked, id=9752, stack(0x28830000,0x28880000)]
  0x2578a400 JavaThread "AWT-EventQueue-0" [_thread_blocked, id=8544, stack(0x28520000,0x28570000)]
  0x2564b000 JavaThread "cc.arduino.packages.discoverers.network.BoardReachabilityFilter" [_thread_blocked, id=7888, stack(0x26ec0000,0x26f10000)]
=>0x255f1800 JavaThread "cc.arduino.packages.discoverers.network.NetworkChecker" [_thread_in_native, id=7744, stack(0x26e30000,0x26e80000)]
  0x255f0800 JavaThread "cc.arduino.packages.discoverers.serial.SerialBoardsLister" [_thread_blocked, id=9776, stack(0x02040000,0x02090000)]
  0x25588000 JavaThread "AWT-Windows" daemon [_thread_in_native, id=3768, stack(0x25a80000,0x25ad0000)]
  0x25583000 JavaThread "AWT-Shutdown" [_thread_blocked, id=9064, stack(0x259f0000,0x25a40000)]
  0x25582800 JavaThread "Java2D Disposer" daemon [_thread_blocked, id=8008, stack(0x25960000,0x259b0000)]
  0x24d9c400 JavaThread "Service Thread" daemon [_thread_blocked, id=3448, stack(0x25360000,0x253b0000)]
  0x24da9800 JavaThread "C1 CompilerThread0" daemon [_thread_blocked, id=4988, stack(0x252d0000,0x25320000)]
  0x24da7c00 JavaThread "Attach Listener" daemon [_thread_blocked, id=8764, stack(0x25240000,0x25290000)]
  0x24da5c00 JavaThread "Signal Dispatcher" daemon [_thread_blocked, id=10164, stack(0x251b0000,0x25200000)]
  0x24d77000 JavaThread "Finalizer" daemon [_thread_blocked, id=8856, stack(0x25040000,0x25090000)]
  0x24d72400 JavaThread "Reference Handler" daemon [_thread_blocked, id=9876, stack(0x24fb0000,0x25000000)]

Other Threads:
  0x021fc000 VMThread [stack: 0x047b0000,0x04800000] [id=3784]
  0x24da2000 WatcherThread [stack: 0x253f0000,0x25440000] [id=10192]

VM state:not at safepoint (normal execution)

VM Mutex/Monitor currently owned by a thread: None

Heap:
 def new generation   total 39424K, used 33814K [0x04800000, 0x072c0000, 0x0f2a0000)
  eden space 35072K,  95% used [0x04800000, 0x068ab870, 0x06a40000)
  from space 4352K,   8% used [0x06a40000, 0x06a9a328, 0x06e80000)
  to   space 4352K,   0% used [0x06e80000, 0x06e80000, 0x072c0000)
 tenured generation   total 87424K, used 23510K [0x0f2a0000, 0x14800000, 0x24800000)
   the space 87424K,  26% used [0x0f2a0000, 0x10995bd8, 0x10995c00, 0x14800000)
 Metaspace       used 18013K, capacity 18432K, committed 18560K, reserved 18816K

Card table byte_map: [0x24800000,0x24910000] byte_map_base: 0x247dc000

Polling page: 0x00660000

CodeCache: size=32768Kb used=3965Kb max_used=3965Kb free=28802Kb
 bounds [0x023f0000, 0x027d0000, 0x043f0000]
 total_blobs=2626 nmethods=2354 adapters=202
 compilation: enabled

Compilation events (10 events):
Event: 3071.877 Thread 0x24da9800 2383             java.net.Inet4Address::equals (37 bytes)
Event: 3071.877 Thread 0x24da9800 nmethod 2383 0x027cf488 code [0x027cf590, 0x027cf6b0]
Event: 3074.871 Thread 0x24da9800 2384             java.net.Inet4Address::isLoopbackAddress (19 bytes)
Event: 3074.871 Thread 0x24da9800 nmethod 2384 0x027cf788 code [0x027cf890, 0x027cf95c]
Event: 3485.920 Thread 0x24da9800 2385             java.util.HashMap$KeySpliterator::characteristics (30 bytes)
Event: 3485.920 Thread 0x24da9800 nmethod 2385 0x027cfa48 code [0x027cfb40, 0x027cfbf0]
Event: 3971.993 Thread 0x24da9800 2386             java.util.stream.ReferencePipeline$StatelessOp::<init> (29 bytes)
Event: 3971.993 Thread 0x24da9800 nmethod 2386 0x027cfc48 code [0x027cfd40, 0x027cfddc]
Event: 3971.994 Thread 0x24da9800 2387             java.util.stream.ReferencePipeline$StatelessOp::opIsStateful (2 bytes)
Event: 3971.994 Thread 0x24da9800 nmethod 2387 0x027cfe48 code [0x027cff40, 0x027cffc0]

GC Heap History (10 events):
Event: 171.342 GC heap before
{Heap before GC invocations=4 (full 1):
 def new generation   total 39424K, used 39416K [0x04800000, 0x072c0000, 0x0f2a0000)
  eden space 35072K,  99% used [0x04800000, 0x06a3e1f8, 0x06a40000)
  from space 4352K, 100% used [0x06e80000, 0x072c0000, 0x072c0000)
  to   space 4352K,   0% used [0x06a40000, 0x06a40000, 0x06e80000)
 tenured generation   total 87424K, used 15138K [0x0f2a0000, 0x14800000, 0x24800000)
   the space 87424K,  17% used [0x0f2a0000, 0x10168be0, 0x10168c00, 0x14800000)
 Metaspace       used 17809K, capacity 18218K, committed 18304K, reserved 18816K
Event: 171.348 GC heap after
Heap after GC invocations=5 (full 1):
 def new generation   total 39424K, used 4352K [0x04800000, 0x072c0000, 0x0f2a0000)
  eden space 35072K,   0% used [0x04800000, 0x04800000, 0x06a40000)
  from space 4352K, 100% used [0x06a40000, 0x06e80000, 0x06e80000)
  to   space 4352K,   0% used [0x06e80000, 0x06e80000, 0x072c0000)
 tenured generation   total 87424K, used 19224K [0x0f2a0000, 0x14800000, 0x24800000)
   the space 87424K,  21% used [0x0f2a0000, 0x10566018, 0x10566200, 0x14800000)
 Metaspace       used 17809K, capacity 18218K, committed 18304K, reserved 18816K
}
Event: 545.646 GC heap before
{Heap before GC invocations=5 (full 1):
 def new generation   total 39424K, used 39424K [0x04800000, 0x072c0000, 0x0f2a0000)
  eden space 35072K, 100% used [0x04800000, 0x06a40000, 0x06a40000)
  from space 4352K, 100% used [0x06a40000, 0x06e80000, 0x06e80000)
  to   space 4352K,   0% used [0x06e80000, 0x06e80000, 0x072c0000)
 tenured generation   total 87424K, used 19224K [0x0f2a0000, 0x14800000, 0x24800000)
   the space 87424K,  21% used [0x0f2a0000, 0x10566018, 0x10566200, 0x14800000)
 Metaspace       used 17990K, capacity 18432K, committed 18560K, reserved 18816K
Event: 545.650 GC heap after
Heap after GC invocations=6 (full 1):
 def new generation   total 39424K, used 824K [0x04800000, 0x072c0000, 0x0f2a0000)
  eden space 35072K,   0% used [0x04800000, 0x04800000, 0x06a40000)
  from space 4352K,  18% used [0x06e80000, 0x06f4e2e8, 0x072c0000)
  to   space 4352K,   0% used [0x06a40000, 0x06a40000, 0x06e80000)
 tenured generation   total 87424K, used 23510K [0x0f2a0000, 0x14800000, 0x24800000)
   the space 87424K,  26% used [0x0f2a0000, 0x10995bd8, 0x10995c00, 0x14800000)
 Metaspace       used 17990K, capacity 18432K, committed 18560K, reserved 18816K
}
Event: 1487.540 GC heap before
{Heap before GC invocations=6 (full 1):
 def new generation   total 39424K, used 35896K [0x04800000, 0x072c0000, 0x0f2a0000)
  eden space 35072K, 100% used [0x04800000, 0x06a40000, 0x06a40000)
  from space 4352K,  18% used [0x06e80000, 0x06f4e2e8, 0x072c0000)
  to   space 4352K,   0% used [0x06a40000, 0x06a40000, 0x06e80000)
 tenured generation   total 87424K, used 23510K [0x0f2a0000, 0x14800000, 0x24800000)
   the space 87424K,  26% used [0x0f2a0000, 0x10995bd8, 0x10995c00, 0x14800000)
 Metaspace       used 18013K, capacity 18432K, committed 18560K, reserved 18816K
Event: 1487.542 GC heap after
Heap after GC invocations=7 (full 1):
 def new generation   total 39424K, used 811K [0x04800000, 0x072c0000, 0x0f2a0000)
  eden space 35072K,   0% used [0x04800000, 0x04800000, 0x06a40000)
  from space 4352K,  18% used [0x06a40000, 0x06b0ae40, 0x06e80000)
  to   space 4352K,   0% used [0x06e80000, 0x06e80000, 0x072c0000)
 tenured generation   total 87424K, used 23510K [0x0f2a0000, 0x14800000, 0x24800000)
   the space 87424K,  26% used [0x0f2a0000, 0x10995bd8, 0x10995c00, 0x14800000)
 Metaspace       used 18013K, capacity 18432K, committed 18560K, reserved 18816K
}
Event: 2337.793 GC heap before
{Heap before GC invocations=7 (full 1):
 def new generation   total 39424K, used 35883K [0x04800000, 0x072c0000, 0x0f2a0000)
  eden space 35072K, 100% used [0x04800000, 0x06a40000, 0x06a40000)
  from space 4352K,  18% used [0x06a40000, 0x06b0ae40, 0x06e80000)
  to   space 4352K,   0% used [0x06e80000, 0x06e80000, 0x072c0000)
 tenured generation   total 87424K, used 23510K [0x0f2a0000, 0x14800000, 0x24800000)
   the space 87424K,  26% used [0x0f2a0000, 0x10995bd8, 0x10995c00, 0x14800000)
 Metaspace       used 18013K, capacity 18432K, committed 18560K, reserved 18816K
Event: 2337.794 GC heap after
Heap after GC invocations=8 (full 1):
 def new generation   total 39424K, used 362K [0x04800000, 0x072c0000, 0x0f2a0000)
  eden space 35072K,   0% used [0x04800000, 0x04800000, 0x06a40000)
  from space 4352K,   8% used [0x06e80000, 0x06eda8b8, 0x072c0000)
  to   space 4352K,   0% used [0x06a40000, 0x06a40000, 0x06e80000)
 tenured generation   total 87424K, used 23510K [0x0f2a0000, 0x14800000, 0x24800000)
   the space 87424K,  26% used [0x0f2a0000, 0x10995bd8, 0x10995c00, 0x14800000)
 Metaspace       used 18013K, capacity 18432K, committed 18560K, reserved 18816K
}
Event: 3197.347 GC heap before
{Heap before GC invocations=8 (full 1):
 def new generation   total 39424K, used 35434K [0x04800000, 0x072c0000, 0x0f2a0000)
  eden space 35072K, 100% used [0x04800000, 0x06a40000, 0x06a40000)
  from space 4352K,   8% used [0x06e80000, 0x06eda8b8, 0x072c0000)
  to   space 4352K,   0% used [0x06a40000, 0x06a40000, 0x06e80000)
 tenured generation   total 87424K, used 23510K [0x0f2a0000, 0x14800000, 0x24800000)
   the space 87424K,  26% used [0x0f2a0000, 0x10995bd8, 0x10995c00, 0x14800000)
 Metaspace       used 18013K, capacity 18432K, committed 18560K, reserved 18816K
Event: 3197.349 GC heap after
Heap after GC invocations=9 (full 1):
 def new generation   total 39424K, used 360K [0x04800000, 0x072c0000, 0x0f2a0000)
  eden space 35072K,   0% used [0x04800000, 0x04800000, 0x06a40000)
  from space 4352K,   8% used [0x06a40000, 0x06a9a328, 0x06e80000)
  to   space 4352K,   0% used [0x06e80000, 0x06e80000, 0x072c0000)
 tenured generation   total 87424K, used 23510K [0x0f2a0000, 0x14800000, 0x24800000)
   the space 87424K,  26% used [0x0f2a0000, 0x10995bd8, 0x10995c00, 0x14800000)
 Metaspace       used 18013K, capacity 18432K, committed 18560K, reserved 18816K
}

Deoptimization events (0 events):
No events

Internal exceptions (10 events):
Event: 547.155 Thread 0x27b3fc00 Exception <a 'java/io/IOException'> (0x04abb238) thrown at [C:\re\workspace\8-2-build-windows-i586-cygwin\jdk8u66\4988\hotspot\src\share\vm\prims\jni.cpp, line 709]
Event: 547.155 Thread 0x27b3fc00 Exception <a 'java/io/IOException'> (0x04abb480) thrown at [C:\re\workspace\8-2-build-windows-i586-cygwin\jdk8u66\4988\hotspot\src\share\vm\prims\jni.cpp, line 709]
Event: 547.155 Thread 0x27b3fc00 Exception <a 'java/io/IOException'> (0x04abdab0) thrown at [C:\re\workspace\8-2-build-windows-i586-cygwin\jdk8u66\4988\hotspot\src\share\vm\prims\jni.cpp, line 709]
Event: 547.155 Thread 0x27b3fc00 Exception <a 'java/io/IOException'> (0x04abde50) thrown at [C:\re\workspace\8-2-build-windows-i586-cygwin\jdk8u66\4988\hotspot\src\share\vm\prims\jni.cpp, line 709]
Event: 547.155 Thread 0x27b3fc00 Exception <a 'java/io/IOException'> (0x04abe098) thrown at [C:\re\workspace\8-2-build-windows-i586-cygwin\jdk8u66\4988\hotspot\src\share\vm\prims\jni.cpp, line 709]
Event: 547.155 Thread 0x27b3fc00 Exception <a 'java/io/IOException'> (0x04ac1148) thrown at [C:\re\workspace\8-2-build-windows-i586-cygwin\jdk8u66\4988\hotspot\src\share\vm\prims\jni.cpp, line 709]
Event: 547.155 Thread 0x27b3fc00 Exception <a 'java/io/IOException'> (0x04ac14e8) thrown at [C:\re\workspace\8-2-build-windows-i586-cygwin\jdk8u66\4988\hotspot\src\share\vm\prims\jni.cpp, line 709]
Event: 547.155 Thread 0x27b3fc00 Exception <a 'java/io/IOException'> (0x04ac1730) thrown at [C:\re\workspace\8-2-build-windows-i586-cygwin\jdk8u66\4988\hotspot\src\share\vm\prims\jni.cpp, line 709]
Event: 1018.519 Thread 0x25788400 Exception <a 'java/net/SocketException': socket closed> (0x056a13f8) thrown at [C:\re\workspace\8-2-build-windows-i586-cygwin\jdk8u66\4988\hotspot\src\share\vm\prims\jni.cpp, line 735]
Event: 1024.520 Thread 0x2578b000 Exception <a 'java/net/SocketException': socket closed> (0x0572ccf8) thrown at [C:\re\workspace\8-2-build-windows-i586-cygwin\jdk8u66\4988\hotspot\src\share\vm\prims\jni.cpp, line 735]

Events (10 events):
Event: 1900.613 Executing VM operation: RevokeBias
Event: 1900.613 Executing VM operation: RevokeBias done
Event: 1902.108 Executing VM operation: RevokeBias
Event: 1902.108 Executing VM operation: RevokeBias done
Event: 1902.108 Executing VM operation: RevokeBias
Event: 1902.108 Executing VM operation: RevokeBias done
Event: 2337.792 Executing VM operation: GenCollectForAllocation
Event: 2337.794 Executing VM operation: GenCollectForAllocation done
Event: 3197.347 Executing VM operation: GenCollectForAllocation
Event: 3197.349 Executing VM operation: GenCollectForAllocation done


Dynamic libraries:
0x002e0000 - 0x00313000 	W:\Arduino\java\bin\javaw.exe
0x76ed0000 - 0x7704b000 	C:\Windows\SYSTEM32\ntdll.dll
0x74220000 - 0x74300000 	C:\Windows\SYSTEM32\KERNEL32.DLL
0x74f80000 - 0x750fe000 	C:\Windows\SYSTEM32\KERNELBASE.dll
0x741a0000 - 0x7421b000 	C:\Windows\SYSTEM32\ADVAPI32.dll
0x74df0000 - 0x74eae000 	C:\Windows\SYSTEM32\msvcrt.dll
0x76ce0000 - 0x76d24000 	C:\Windows\SYSTEM32\sechost.dll
0x75120000 - 0x751cd000 	C:\Windows\SYSTEM32\RPCRT4.dll
0x73c00000 - 0x73c1e000 	C:\Windows\SYSTEM32\SspiCli.dll
0x73bf0000 - 0x73bfa000 	C:\Windows\SYSTEM32\CRYPTBASE.dll
0x76d90000 - 0x76de8000 	C:\Windows\SYSTEM32\bcryptPrimitives.dll
0x76a00000 - 0x76b47000 	C:\Windows\SYSTEM32\USER32.dll
0x74ca0000 - 0x74def000 	C:\Windows\SYSTEM32\GDI32.dll
0x710c0000 - 0x712cf000 	C:\Windows\WinSxS\x86_microsoft.windows.common-controls_6595b64144ccf1df_6.0.10586.0_none_d3c2e4e965da4528\COMCTL32.dll
0x74360000 - 0x7451d000 	C:\Windows\SYSTEM32\combase.dll
0x76960000 - 0x7698b000 	C:\Windows\SYSTEM32\IMM32.DLL
0x66420000 - 0x664df000 	W:\Arduino\java\bin\msvcr100.dll
0x66050000 - 0x66415000 	W:\Arduino\java\bin\client\jvm.dll
0x75100000 - 0x75106000 	C:\Windows\SYSTEM32\PSAPI.DLL
0x73850000 - 0x73858000 	C:\Windows\SYSTEM32\WSOCK32.dll
0x6a8b0000 - 0x6a8d4000 	C:\Windows\SYSTEM32\WINMM.dll
0x73760000 - 0x73768000 	C:\Windows\SYSTEM32\VERSION.dll
0x74300000 - 0x7435f000 	C:\Windows\SYSTEM32\WS2_32.dll
0x6a880000 - 0x6a8a3000 	C:\Windows\SYSTEM32\WINMMBASE.dll
0x74eb0000 - 0x74ee7000 	C:\Windows\SYSTEM32\cfgmgr32.dll
0x66010000 - 0x66041000 	W:\Arduino\java\bin\splashscreen.dll
0x70f70000 - 0x70fe5000 	C:\Windows\system32\uxtheme.dll
0x678d0000 - 0x678dc000 	W:\Arduino\java\bin\verify.dll
0x65fe0000 - 0x66001000 	W:\Arduino\java\bin\java.dll
0x76840000 - 0x7695f000 	C:\Windows\SYSTEM32\MSCTF.dll
0x678b0000 - 0x678c3000 	W:\Arduino\java\bin\zip.dll
0x751d0000 - 0x751dc000 	C:\Windows\SYSTEM32\kernel.appcore.dll
0x75440000 - 0x7683e000 	C:\Windows\SYSTEM32\SHELL32.dll
0x745b0000 - 0x74aaa000 	C:\Windows\SYSTEM32\windows.storage.dll
0x76990000 - 0x769d5000 	C:\Windows\SYSTEM32\shlwapi.dll
0x74ef0000 - 0x74f7d000 	C:\Windows\SYSTEM32\shcore.dll
0x76d30000 - 0x76d74000 	C:\Windows\SYSTEM32\powrprof.dll
0x75430000 - 0x7543f000 	C:\Windows\SYSTEM32\profapi.dll
0x65e90000 - 0x65fd5000 	W:\Arduino\java\bin\awt.dll
0x74ab0000 - 0x74b42000 	C:\Windows\SYSTEM32\OLEAUT32.dll
0x6cb10000 - 0x6cba2000 	C:\Windows\system32\apphelp.dll
0x70f50000 - 0x70f6d000 	C:\Windows\system32\dwmapi.dll
0x75340000 - 0x7542b000 	C:\Windows\SYSTEM32\ole32.dll
0x65e50000 - 0x65e89000 	W:\Arduino\java\bin\fontmanager.dll
0x66800000 - 0x66816000 	W:\Arduino\java\bin\net.dll
0x72180000 - 0x721cf000 	C:\Windows\system32\mswsock.dll
0x65e40000 - 0x65e4f000 	W:\Arduino\java\bin\nio.dll
0x65e10000 - 0x65e40000 	W:\Arduino\java\bin\t2k.dll
0x73500000 - 0x7352f000 	C:\Windows\SYSTEM32\IPHLPAPI.DLL
0x76cd0000 - 0x76cd7000 	C:\Windows\SYSTEM32\NSI.dll
0x70f20000 - 0x70f33000 	C:\Windows\SYSTEM32\dhcpcsvc6.DLL
0x70f00000 - 0x70f14000 	C:\Windows\SYSTEM32\dhcpcsvc.DLL
0x61940000 - 0x61976000 	W:\Arduino\lib\listSerialsj.dll
0x73c20000 - 0x7402b000 	C:\Windows\SYSTEM32\SETUPAPI.dll
0x73070000 - 0x73083000 	C:\Windows\SYSTEM32\CRYPTSP.dll
0x73020000 - 0x7304f000 	C:\Windows\system32\rsaenh.dll
0x73050000 - 0x7306b000 	C:\Windows\SYSTEM32\bcrypt.dll
0x727a0000 - 0x727b9000 	C:\Windows\SYSTEM32\USERENV.dll
0x27220000 - 0x2725d000 	C:\Users\root\AppData\Local\Temp\jna-3506402\jna3603450088613939482.dll
0x733d0000 - 0x73454000 	C:\Windows\SYSTEM32\DNSAPI.dll
0x702e0000 - 0x702e8000 	C:\Windows\System32\rasadhlp.dll
0x6fc70000 - 0x6fcb7000 	C:\Windows\System32\fwpuclnt.dll
0x65da0000 - 0x65e09000 	W:\Arduino\msvcp100.dll
0x65ce0000 - 0x65d9e000 	W:\Arduino\msvcr100.dll
0x28570000 - 0x285a2000 	W:\Arduino\lib\AStylej.dll
0x64000000 - 0x6401b000 	C:\Users\root\.jssc\windows\jSSC-2.8_x86.dll
0x6a570000 - 0x6a592000 	C:\Windows\SYSTEM32\DEVOBJ.dll
0x74bf0000 - 0x74c32000 	C:\Windows\SYSTEM32\WINTRUST.dll
0x76d80000 - 0x76d8e000 	C:\Windows\SYSTEM32\MSASN1.dll
0x76b50000 - 0x76cc9000 	C:\Windows\SYSTEM32\CRYPT32.dll
0x65cb0000 - 0x65cd4000 	W:\Arduino\java\bin\dcpr.dll
0x74520000 - 0x745a4000 	C:\Windows\SYSTEM32\clbcatq.dll
0x6a6b0000 - 0x6a823000 	C:\Windows\SYSTEM32\WindowsCodecs.dll
0x70270000 - 0x702b1000 	C:\Windows\system32\dataexchange.dll
0x6ffa0000 - 0x701ba000 	C:\Windows\system32\d3d11.dll
0x701c0000 - 0x70267000 	C:\Windows\system32\dcomp.dll
0x6ff10000 - 0x6ff92000 	C:\Windows\system32\dxgi.dll
0x6fe40000 - 0x6ff0d000 	C:\Windows\system32\twinapi.appcore.dll
0x6ad40000 - 0x6ae7f000 	C:\Windows\SYSTEM32\dbghelp.dll

VM Arguments:
jvm_args: -Dsun.java2d.d3d=false -DAPP_DIR=W:\Arduino -Xms128M -Xmx512M 
java_command: processing.app.Base W:\Microcontrollers\AquaPackMatrix\aquapackmatrix_fastledtext\aquapackmatrix_fastledtext.ino
java_class_path (initial): W:\Arduino\lib\apple.jar;W:\Arduino\lib\arduino-core.jar;W:\Arduino\lib\batik-1.8.jar;W:\Arduino\lib\batik-anim-1.8.jar;W:\Arduino\lib\batik-awt-util-1.8.jar;W:\Arduino\lib\batik-bridge-1.8.jar;W:\Arduino\lib\batik-codec-1.8.jar;W:\Arduino\lib\batik-css-1.8.jar;W:\Arduino\lib\batik-dom-1.8.jar;W:\Arduino\lib\batik-ext-1.8.jar;W:\Arduino\lib\batik-gvt-1.8.jar;W:\Arduino\lib\batik-parser-1.8.jar;W:\Arduino\lib\batik-rasterizer-1.8.jar;W:\Arduino\lib\batik-script-1.8.jar;W:\Arduino\lib\batik-squiggle-1.8.jar;W:\Arduino\lib\batik-svg-dom-1.8.jar;W:\Arduino\lib\batik-svgpp-1.8.jar;W:\Arduino\lib\batik-transcoder-1.8.jar;W:\Arduino\lib\batik-util-1.8.jar;W:\Arduino\lib\batik-xml-1.8.jar;W:\Arduino\lib\bcpg-jdk15on-152.jar;W:\Arduino\lib\bcprov-jdk15on-152.jar;W:\Arduino\lib\commons-codec-1.7.jar;W:\Arduino\lib\commons-compress-1.8.jar;W:\Arduino\lib\commons-exec-1.1.jar;W:\Arduino\lib\commons-httpclient-3.1.jar;W:\Arduino\lib\commons-lang3-3.3.2.jar;W:\Arduino\lib\commons-logging-1.0.4.jar;W:\Arduino\lib\commons-net-3.3.jar;W:\Arduino\lib\jackson-annotations-2.6.3.jar;W:\Arduino\lib\jackson-core-2.6.3.jar;W:\Arduino\lib\jackson-databind-2.6.3.jar;W:\Arduino\lib\jackson-module-mrbean-2.6.3.jar;W:\Arduino\lib\java-semver-0.8.0.jar;W:\Arduino\lib\jmdns-3.4.1.jar;W:\Arduino\lib\jna-4.1.0.jar;W:\Arduino\lib\jna-platform-4.1.0.jar;W:\Arduino\lib\jsch-0.1.50.jar;W:\Arduino\lib\jssc-2.8.0.jar;W:\Arduino\lib\pde.jar;W:\Arduino\lib\rsyntaxtextarea-2.5.8.1+arduino.jar;W:\Arduino\lib\xml-apis-1.3.04.jar;W:\Arduino\lib\xml-apis-ext-1.3.04.jar;W:\Arduino\lib\xmlgraphics-commons-2.0.jar
Launcher Type: SUN_STANDARD

Environment Variables:
PATH=C:\Windows\system32;C:\Windows;C:\Windows\System32\Wbem;C:\Windows\System32\WindowsPowerShell\v1.0\;C:\Program Files (x86)\ATI Technologies\ATI.ACE\Core-Static;C:\Program Files (x86)\Skype\Phone\;C:\Program Files (x86)\PuTTY\;C:\Program Files (x86)\Livestreamer;W:\Arduino\java\bin
USERNAME=root
OS=Windows_NT
PROCESSOR_IDENTIFIER=Intel64 Family 6 Model 94 Stepping 3, GenuineIntel



---------------  S Y S T E M  ---------------

OS: Windows 10.0 , 64 bit Build 10586 (10.0.10586.0)

CPU:total 8 (4 cores per cpu, 2 threads per core) family 6 model 94 stepping 3, cmov, cx8, fxsr, mmx, sse, sse2, sse3, ssse3, sse4.1, sse4.2, popcnt, avx, avx2, aes, clmul, erms, rtm, 3dnowpref, lzcnt, ht, tsc, tscinvbit, bmi1, bmi2, adx

Memory: 4k page, physical 16453668k(9974664k free), swap 23531556k(14065480k free)

vm_info: Java HotSpot(TM) Client VM (25.66-b17) for windows-x86 JRE (1.8.0_66-b17), built on Oct  6 2015 19:59:47 by "java_re" with MS VC++ 10.0 (VS2010)

time: Sat Jun 04 12:13:58 2016
elapsed time: 4007 seconds (0d 1h 6m 47s)

